[35m[1mConsolidate compiler generated dependencies of target talker[0m
[  3%] [32mBuilding CXX object CMakeFiles/talker.dir/src/pub.cpp.o[0m
[  6%] Built target custome_messge__cpp
[ 15%] Built target custome_messge__rosidl_generator_c
[ 15%] Built target ament_cmake_python_copy_custome_messge
[ 24%] Built target custome_messge__rosidl_typesupport_introspection_c
[ 33%] Built target custome_messge__rosidl_typesupport_fastrtps_c
[ 42%] Built target custome_messge__rosidl_typesupport_c
[ 51%] Built target custome_messge__rosidl_typesupport_cpp
[ 60%] Built target custome_messge__rosidl_typesupport_introspection_cpp
[ 69%] Built target custome_messge__rosidl_typesupport_fastrtps_cpp
[ 69%] Built target custome_messge
[ 72%] Built target custome_messge__py
[ 78%] Built target custome_messge__rosidl_generator_py
[ 84%] Built target custome_messge__rosidl_typesupport_fastrtps_c__pyext
[ 90%] Built target custome_messge__rosidl_typesupport_introspection_c__pyext
[01m[K/home/mazenbelal/Desktop/ROS2_Projects/ros2_ws/src/custome_messge/src/pub.cpp:8:10:[m[K [01;31m[Kfatal error: [m[Kcustome_messge/msg/num.hpp: No such file or directory
    8 | #include [01;31m[K"custome_messge/msg/num.hpp"[m[K
      |          [01;31m[K^~~~~~~~~~~~~~~~~~~~~~~~~~~~[m[K
compilation terminated.
[ 96%] Built target custome_messge__rosidl_typesupport_c__pyext
gmake[2]: *** [CMakeFiles/talker.dir/build.make:76: CMakeFiles/talker.dir/src/pub.cpp.o] Error 1
gmake[1]: *** [CMakeFiles/Makefile2:592: CMakeFiles/talker.dir/all] Error 2
gmake[1]: *** Waiting for unfinished jobs....
running egg_info
writing custome_messge.egg-info/PKG-INFO
writing dependency_links to custome_messge.egg-info/dependency_links.txt
writing top-level names to custome_messge.egg-info/top_level.txt
reading manifest file 'custome_messge.egg-info/SOURCES.txt'
writing manifest file 'custome_messge.egg-info/SOURCES.txt'
[ 96%] Built target ament_cmake_python_build_custome_messge_egg
gmake: *** [Makefile:146: all] Error 2
