-- Found ament_cmake: 1.3.12 (/opt/ros/humble/share/ament_cmake/cmake)
-- Found rclcpp: 16.0.15 (/opt/ros/humble/share/rclcpp/cmake)
-- Found rosidl_generator_c: 3.1.7 (/opt/ros/humble/share/rosidl_generator_c/cmake)
-- Found rosidl_adapter: 3.1.7 (/opt/ros/humble/share/rosidl_adapter/cmake)
-- Found rosidl_generator_cpp: 3.1.7 (/opt/ros/humble/share/rosidl_generator_cpp/cmake)
-- Using all available rosidl_typesupport_c: rosidl_typesupport_fastrtps_c;rosidl_typesupport_introspection_c
-- Using all available rosidl_typesupport_cpp: rosidl_typesupport_fastrtps_cpp;rosidl_typesupport_introspection_cpp
-- Found rmw_implementation_cmake: 6.1.2 (/opt/ros/humble/share/rmw_implementation_cmake/cmake)
-- Found rmw_fastrtps_cpp: 6.2.9 (/opt/ros/humble/share/rmw_fastrtps_cpp/cmake)
-- Using RMW implementation 'rmw_fastrtps_cpp' as default
-- Found rosidl_default_generators: 1.2.0 (/opt/ros/humble/share/rosidl_default_generators/cmake)
-- Found ament_cmake_ros: 0.10.0 (/opt/ros/humble/share/ament_cmake_ros/cmake)
-- Using all available rosidl_typesupport_c: rosidl_typesupport_fastrtps_c;rosidl_typesupport_introspection_c
-- Using all available rosidl_typesupport_cpp: rosidl_typesupport_fastrtps_cpp;rosidl_typesupport_introspection_cpp
-- Found python_cmake_module: 0.10.0 (/opt/ros/humble/share/python_cmake_module/cmake)
-- Using PYTHON_EXECUTABLE: /usr/bin/python3
-- Using PYTHON_INCLUDE_DIRS: /usr/include/python3.10
-- Using PYTHON_LIBRARIES: /usr/lib/x86_64-linux-gnu/libpython3.10.so
-- Configuring done
-- Generating done
-- Build files have been written to: /home/mazenbelal/Desktop/ROS2_Projects/ros2_ws/build/custome_messge
[35m[1mConsolidate compiler generated dependencies of target custome_messge__rosidl_generator_c[0m
[35m[1mConsolidate compiler generated dependencies of target talker[0m
[  3%] Built target custome_messge__cpp
[ 12%] Built target custome_messge__rosidl_generator_c
[35m[1mConsolidate compiler generated dependencies of target custome_messge__rosidl_typesupport_cpp[0m
[ 12%] Built target ament_cmake_python_copy_custome_messge
[ 15%] [32mBuilding CXX object CMakeFiles/talker.dir/src/pub.cpp.o[0m
[35m[1mConsolidate compiler generated dependencies of target custome_messge__rosidl_typesupport_fastrtps_cpp[0m
[35m[1mConsolidate compiler generated dependencies of target custome_messge__rosidl_typesupport_introspection_c[0m
[ 24%] Built target custome_messge__rosidl_typesupport_cpp
[ 33%] Built target custome_messge__rosidl_typesupport_fastrtps_cpp
[35m[1mConsolidate compiler generated dependencies of target custome_messge__rosidl_typesupport_c[0m
[ 42%] Built target custome_messge__rosidl_typesupport_introspection_c
[35m[1mConsolidate compiler generated dependencies of target custome_messge__rosidl_typesupport_introspection_cpp[0m
[ 51%] Built target custome_messge__rosidl_typesupport_c
[35m[1mConsolidate compiler generated dependencies of target custome_messge__rosidl_typesupport_fastrtps_c[0m
[ 60%] Built target custome_messge__rosidl_typesupport_introspection_cpp
[ 69%] Built target custome_messge__rosidl_typesupport_fastrtps_c
[ 69%] Built target custome_messge
[ 72%] Built target custome_messge__py
[35m[1mConsolidate compiler generated dependencies of target custome_messge__rosidl_generator_py[0m
[ 78%] Built target custome_messge__rosidl_generator_py
[35m[1mConsolidate compiler generated dependencies of target custome_messge__rosidl_typesupport_fastrtps_c__pyext[0m
[35m[1mConsolidate compiler generated dependencies of target custome_messge__rosidl_typesupport_introspection_c__pyext[0m
[ 84%] Built target custome_messge__rosidl_typesupport_fastrtps_c__pyext
[ 90%] Built target custome_messge__rosidl_typesupport_introspection_c__pyext
[35m[1mConsolidate compiler generated dependencies of target custome_messge__rosidl_typesupport_c__pyext[0m
[ 96%] Built target custome_messge__rosidl_typesupport_c__pyext
[01m[K/home/mazenbelal/Desktop/ROS2_Projects/ros2_ws/src/custome_messge/src/pub.cpp:8:10:[m[K [01;31m[Kfatal error: [m[Kcustome_messge/msg/num.hpp: No such file or directory
    8 | #include [01;31m[K"custome_messge/msg/num.hpp"[m[K
      |          [01;31m[K^~~~~~~~~~~~~~~~~~~~~~~~~~~~[m[K
compilation terminated.
gmake[2]: *** [CMakeFiles/talker.dir/build.make:76: CMakeFiles/talker.dir/src/pub.cpp.o] Error 1
gmake[1]: *** [CMakeFiles/Makefile2:592: CMakeFiles/talker.dir/all] Error 2
gmake[1]: *** Waiting for unfinished jobs....
running egg_info
writing custome_messge.egg-info/PKG-INFO
writing dependency_links to custome_messge.egg-info/dependency_links.txt
writing top-level names to custome_messge.egg-info/top_level.txt
reading manifest file 'custome_messge.egg-info/SOURCES.txt'
writing manifest file 'custome_messge.egg-info/SOURCES.txt'
[ 96%] Built target ament_cmake_python_build_custome_messge_egg
gmake: *** [Makefile:146: all] Error 2
